mode: set
github.com/astaphobia/leetcodes/array/array.go:11.39,13.20 1 1
github.com/astaphobia/leetcodes/array/array.go:13.20,15.3 1 0
github.com/astaphobia/leetcodes/array/array.go:17.2,17.33 1 1
github.com/astaphobia/leetcodes/array/array.go:17.33,18.23 1 1
github.com/astaphobia/leetcodes/array/array.go:18.23,19.9 1 1
github.com/astaphobia/leetcodes/array/array.go:22.3,22.27 1 1
github.com/astaphobia/leetcodes/array/array.go:22.27,26.4 3 1
github.com/astaphobia/leetcodes/array/array.go:29.2,29.18 1 1
github.com/astaphobia/leetcodes/array/array.go:34.34,37.35 2 1
github.com/astaphobia/leetcodes/array/array.go:37.35,38.30 1 1
github.com/astaphobia/leetcodes/array/array.go:38.30,40.4 1 1
github.com/astaphobia/leetcodes/array/array.go:43.2,43.18 1 1
github.com/astaphobia/leetcodes/array/array.go:51.32,52.47 1 1
github.com/astaphobia/leetcodes/array/array.go:52.47,53.32 1 1
github.com/astaphobia/leetcodes/array/array.go:53.32,56.4 2 1
github.com/astaphobia/leetcodes/array/array.go:57.3,57.9 1 1
github.com/astaphobia/leetcodes/array/array.go:61.2,71.8 9 1
github.com/astaphobia/leetcodes/array/array.go:76.41,78.33 2 1
github.com/astaphobia/leetcodes/array/array.go:78.33,79.27 1 1
github.com/astaphobia/leetcodes/array/array.go:79.27,81.4 1 1
github.com/astaphobia/leetcodes/array/array.go:83.2,83.14 1 0
